This is pdfTeX, Version 3.1415926-2.5-1.40.14 (MiKTeX 2.9 64-bit) (preloaded format=pdflatex 2014.3.17)  18 MAR 2014 16:55
entering extended mode
**C:/Users/Sonya/Box*Sync/Resources/Matlab*Code/CMsimulations*Library/CM_Simula
tions_Overview.tex

("C:/Users/Sonya/Box Sync/Resources/Matlab Code/CMsimulations Library/CM_Simula
tions_Overview.tex"
LaTeX2e <2011/06/27>
Babel <v3.8m> and hyphenation patterns for english, afrikaans, ancientgreek, ar
abic, armenian, assamese, basque, bengali, bokmal, bulgarian, catalan, coptic, 
croatian, czech, danish, dutch, esperanto, estonian, farsi, finnish, french, ga
lician, german, german-x-2013-05-26, greek, gujarati, hindi, hungarian, iceland
ic, indonesian, interlingua, irish, italian, kannada, kurmanji, latin, latvian,
 lithuanian, malayalam, marathi, mongolian, mongolianlmc, monogreek, ngerman, n
german-x-2013-05-26, nynorsk, oriya, panjabi, pinyin, polish, portuguese, roman
ian, russian, sanskrit, serbian, slovak, slovenian, spanish, swedish, swissgerm
an, tamil, telugu, turkish, turkmen, ukenglish, ukrainian, uppersorbian, usengl
ishmax, welsh, loaded.
("C:\Program Files\MiKTeX 2.9\tex\latex\base\article.cls"
Document Class: article 2007/10/19 v1.4h Standard LaTeX document class
("C:\Program Files\MiKTeX 2.9\tex\latex\base\size12.clo"
File: size12.clo 2007/10/19 v1.4h Standard LaTeX file (size option)
)
\c@part=\count79
\c@section=\count80
\c@subsection=\count81
\c@subsubsection=\count82
\c@paragraph=\count83
\c@subparagraph=\count84
\c@figure=\count85
\c@table=\count86
\abovecaptionskip=\skip41
\belowcaptionskip=\skip42
\bibindent=\dimen102
)
("C:\Program Files\MiKTeX 2.9\tex\latex\amsfonts\amssymb.sty"
Package: amssymb 2013/01/14 v3.01 AMS font symbols

("C:\Program Files\MiKTeX 2.9\tex\latex\amsfonts\amsfonts.sty"
Package: amsfonts 2013/01/14 v3.01 Basic AMSFonts support
\@emptytoks=\toks14
\symAMSa=\mathgroup4
\symAMSb=\mathgroup5
LaTeX Font Info:    Overwriting math alphabet `\mathfrak' in version `bold'
(Font)                  U/euf/m/n --> U/euf/b/n on input line 106.
))
("C:\Program Files\MiKTeX 2.9\tex\latex\amscls\amsthm.sty"
Package: amsthm 2004/08/06 v2.20
\thm@style=\toks15
\thm@bodyfont=\toks16
\thm@headfont=\toks17
\thm@notefont=\toks18
\thm@headpunct=\toks19
\thm@preskip=\skip43
\thm@postskip=\skip44
\thm@headsep=\skip45
\dth@everypar=\toks20
)
("C:\Program Files\MiKTeX 2.9\tex\latex\amsmath\amsmath.sty"
Package: amsmath 2013/01/14 v2.14 AMS math features
\@mathmargin=\skip46

For additional information on amsmath, use the `?' option.
("C:\Program Files\MiKTeX 2.9\tex\latex\amsmath\amstext.sty"
Package: amstext 2000/06/29 v2.01

("C:\Program Files\MiKTeX 2.9\tex\latex\amsmath\amsgen.sty"
File: amsgen.sty 1999/11/30 v2.0
\@emptytoks=\toks21
\ex@=\dimen103
))
("C:\Program Files\MiKTeX 2.9\tex\latex\amsmath\amsbsy.sty"
Package: amsbsy 1999/11/29 v1.2d
\pmbraise@=\dimen104
)
("C:\Program Files\MiKTeX 2.9\tex\latex\amsmath\amsopn.sty"
Package: amsopn 1999/12/14 v2.01 operator names
)
\inf@bad=\count87
LaTeX Info: Redefining \frac on input line 210.
\uproot@=\count88
\leftroot@=\count89
LaTeX Info: Redefining \overline on input line 306.
\classnum@=\count90
\DOTSCASE@=\count91
LaTeX Info: Redefining \ldots on input line 378.
LaTeX Info: Redefining \dots on input line 381.
LaTeX Info: Redefining \cdots on input line 466.
\Mathstrutbox@=\box26
\strutbox@=\box27
\big@size=\dimen105
LaTeX Font Info:    Redeclaring font encoding OML on input line 566.
LaTeX Font Info:    Redeclaring font encoding OMS on input line 567.
\macc@depth=\count92
\c@MaxMatrixCols=\count93
\dotsspace@=\muskip10
\c@parentequation=\count94
\dspbrk@lvl=\count95
\tag@help=\toks22
\row@=\count96
\column@=\count97
\maxfields@=\count98
\andhelp@=\toks23
\eqnshift@=\dimen106
\alignsep@=\dimen107
\tagshift@=\dimen108
\tagwidth@=\dimen109
\totwidth@=\dimen110
\lineht@=\dimen111
\@envbody=\toks24
\multlinegap=\skip47
\multlinetaggap=\skip48
\mathdisplay@stack=\toks25
LaTeX Info: Redefining \[ on input line 2665.
LaTeX Info: Redefining \] on input line 2666.
)
("C:\Program Files\MiKTeX 2.9\tex\latex\graphics\graphicx.sty"
Package: graphicx 1999/02/16 v1.0f Enhanced LaTeX Graphics (DPC,SPQR)

("C:\Program Files\MiKTeX 2.9\tex\latex\graphics\keyval.sty"
Package: keyval 1999/03/16 v1.13 key=value parser (DPC)
\KV@toks@=\toks26
)
("C:\Program Files\MiKTeX 2.9\tex\latex\graphics\graphics.sty"
Package: graphics 2009/02/05 v1.0o Standard LaTeX Graphics (DPC,SPQR)

("C:\Program Files\MiKTeX 2.9\tex\latex\graphics\trig.sty"
Package: trig 1999/03/16 v1.09 sin cos tan (DPC)
)
("C:\Program Files\MiKTeX 2.9\tex\latex\00miktex\graphics.cfg"
File: graphics.cfg 2007/01/18 v1.5 graphics configuration of teTeX/TeXLive
)
Package graphics Info: Driver file: pdftex.def on input line 91.

("C:\Program Files\MiKTeX 2.9\tex\latex\pdftex-def\pdftex.def"
File: pdftex.def 2011/05/27 v0.06d Graphics/color for pdfTeX

("C:\Program Files\MiKTeX 2.9\tex\generic\oberdiek\infwarerr.sty"
Package: infwarerr 2010/04/08 v1.3 Providing info/warning/error messages (HO)
)
("C:\Program Files\MiKTeX 2.9\tex\generic\oberdiek\ltxcmds.sty"
Package: ltxcmds 2011/11/09 v1.22 LaTeX kernel commands for general use (HO)
)
\Gread@gobject=\count99
))
\Gin@req@height=\dimen112
\Gin@req@width=\dimen113
)
("C:\Program Files\MiKTeX 2.9\tex\latex\float\float.sty"
Package: float 2001/11/08 v1.3d Float enhancements (AL)
\c@float@type=\count100
\float@exts=\toks27
\float@box=\box28
\@float@everytoks=\toks28
\@floatcapt=\box29
)
("C:\Program Files\MiKTeX 2.9\tex\latex\braket\braket.sty")
("C:\Program Files\MiKTeX 2.9\tex\latex\fancyhdr\fancyhdr.sty"
\fancy@headwidth=\skip49
\f@ncyO@elh=\skip50
\f@ncyO@erh=\skip51
\f@ncyO@olh=\skip52
\f@ncyO@orh=\skip53
\f@ncyO@elf=\skip54
\f@ncyO@erf=\skip55
\f@ncyO@olf=\skip56
\f@ncyO@orf=\skip57
)
("C:\Program Files\MiKTeX 2.9\tex\latex\tabu\tabu.sty"
Package: tabu 2011/02/26 v2.8 - flexible LaTeX tabulars (FC)

("C:\Program Files\MiKTeX 2.9\tex\latex\tools\array.sty"
Package: array 2008/09/09 v2.4c Tabular extension package (FMi)
\col@sep=\dimen114
\extrarowheight=\dimen115
\NC@list=\toks29
\extratabsurround=\skip58
\backup@length=\skip59
)
("C:\Program Files\MiKTeX 2.9\tex\latex\ltxmisc\varwidth.sty"
Package: varwidth 2009/03/30 ver 0.92;  Variable-width minipages
\@vwid@box=\box30
\sift@deathcycles=\count101
\@vwid@loff=\dimen116
\@vwid@roff=\dimen117
)
\c@taburow=\count102
\tabu@nbcols=\count103
\tabu@cnt=\count104
\tabu@Xcol=\count105
\tabu@alloc=\count106
\tabu@nested=\count107
\tabu@target=\dimen118
\tabu@spreadtarget=\dimen119
\tabu@naturalX=\dimen120
\tabucolX=\dimen121
\tabu@Xsum=\dimen122
\extrarowdepth=\dimen123
\abovetabulinesep=\dimen124
\belowtabulinesep=\dimen125
\tabustrutrule=\dimen126
\tabu@thebody=\toks30
\tabu@footnotes=\toks31
\tabu@box=\box31
\tabu@arstrutbox=\box32
\tabu@hleads=\box33
\tabu@vleads=\box34
\tabu@cellskip=\skip60
)
("C:\Program Files\MiKTeX 2.9\tex\latex\setspace\setspace.sty"
Package: setspace 2011/12/19 v6.7a set line spacing
)
("C:\Program Files\MiKTeX 2.9\tex\latex\cite\cite.sty"
LaTeX Info: Redefining \cite on input line 302.
LaTeX Info: Redefining \nocite on input line 373.
Package: cite 2010/09/10  v 5.3
LaTeX Info: Redefining \cite on input line 464.
)
("C:\Users\Sonya\Box Sync\Resources\Matlab Code\CMsimulations Library\CM_Simula
tions_Overview.aux")
LaTeX Font Info:    Checking defaults for OML/cmm/m/it on input line 34.
LaTeX Font Info:    ... okay on input line 34.
LaTeX Font Info:    Checking defaults for T1/cmr/m/n on input line 34.
LaTeX Font Info:    ... okay on input line 34.
LaTeX Font Info:    Checking defaults for OT1/cmr/m/n on input line 34.
LaTeX Font Info:    ... okay on input line 34.
LaTeX Font Info:    Checking defaults for OMS/cmsy/m/n on input line 34.
LaTeX Font Info:    ... okay on input line 34.
LaTeX Font Info:    Checking defaults for OMX/cmex/m/n on input line 34.
LaTeX Font Info:    ... okay on input line 34.
LaTeX Font Info:    Checking defaults for U/cmr/m/n on input line 34.
LaTeX Font Info:    ... okay on input line 34.

("C:\Program Files\MiKTeX 2.9\tex\context\base\supp-pdf.mkii"
[Loading MPS to PDF converter (version 2006.09.02).]
\scratchcounter=\count108
\scratchdimen=\dimen127
\scratchbox=\box35
\nofMPsegments=\count109
\nofMParguments=\count110
\everyMPshowfont=\toks32
\MPscratchCnt=\count111
\MPscratchDim=\dimen128
\MPnumerator=\count112
\makeMPintoPDFobject=\count113
\everyMPtoPDFconversion=\toks33
)
LaTeX Font Info:    Try loading font information for U+msa on input line 36.
 ("C:\Program Files\MiKTeX 2.9\tex\latex\amsfonts\umsa.fd"
File: umsa.fd 2013/01/14 v3.01 AMS symbols A
)
LaTeX Font Info:    Try loading font information for U+msb on input line 36.

("C:\Program Files\MiKTeX 2.9\tex\latex\amsfonts\umsb.fd"
File: umsb.fd 2013/01/14 v3.01 AMS symbols B
)
("C:\Users\Sonya\Box Sync\Resources\Matlab Code\CMsimulations Library\CM_Simula
tions_Overview.toc")
\tf@toc=\write3
 [1

{C:/ProgramData/MiKTeX/2.9/pdftex/config/pdftex.map}]
Overfull \hbox (0.67416pt too wide) in paragraph at lines 53--54
[]\OT1/cmr/m/it/12 A Note on Mod-el-ing Ap-prox-i-ma-tions\OT1/cmr/m/n/12 . In 
gen-eral a medium has a frequency-dependent
 []


Underfull \hbox (badness 10000) in paragraph at lines 60--62

 []


Underfull \hbox (badness 10000) in paragraph at lines 64--68

 []


Underfull \hbox (badness 10000) in paragraph at lines 75--77

 []


Overfull \hbox (5.8122pt too wide) in paragraph at lines 81--85
\OT1/cmr/m/it/10 Particle[]\OT1/cmr/m/n/10 CM=find\OT1/cmr/m/it/10 Particle[]\O
T1/cmr/m/n/10 CM(\OT1/cmr/m/it/10 Particle[]\OT1/cmr/m/n/10 complex,\OT1/cmr/m/
it/10 Particle[]\OT1/cmr/m/n/10 depolarization,Med[]complex) 
 []


Underfull \hbox (badness 10000) in paragraph at lines 81--85

 []


Underfull \hbox (badness 10000) in paragraph at lines 88--90

 []


Overfull \hbox (59.98561pt too wide) in paragraph at lines 57--96
[] 
 []

[2]
Overfull \hbox (36.12813pt too wide) in paragraph at lines 100--123
[] 
 []

[3] [4] <Figures/CMcurves_Ecoli.png, id=26, 578.16pt x 433.62pt>
File: Figures/CMcurves_Ecoli.png Graphic file (type png)

<use Figures/CMcurves_Ecoli.png>
Package pdftex.def Info: Figures/CMcurves_Ecoli.png used on input line 130.
(pdftex.def)             Requested size: 313.46997pt x 235.09747pt.

<Figures/CMcurves_RBC.png, id=27, 578.16pt x 433.62pt>
File: Figures/CMcurves_RBC.png Graphic file (type png)

<use Figures/CMcurves_RBC.png>
Package pdftex.def Info: Figures/CMcurves_RBC.png used on input line 136.
(pdftex.def)             Requested size: 313.46997pt x 235.09747pt.


LaTeX Warning: `h' float specifier changed to `ht'.

<Figures/CM_AnistropicStretch.png, id=28, 578.16pt x 433.62pt>
File: Figures/CM_AnistropicStretch.png Graphic file (type png)

<use Figures/CM_AnistropicStretch.png>
Package pdftex.def Info: Figures/CM_AnistropicStretch.png used on input line 14
2.
(pdftex.def)             Requested size: 313.46997pt x 235.09747pt.


LaTeX Warning: `h' float specifier changed to `ht'.

<Figures/CMcompare_sign_mag.png, id=29, 578.16pt x 433.62pt>
File: Figures/CMcompare_sign_mag.png Graphic file (type png)

<use Figures/CMcompare_sign_mag.png>
Package pdftex.def Info: Figures/CMcompare_sign_mag.png used on input line 148.

(pdftex.def)             Requested size: 313.46997pt x 235.09747pt.


LaTeX Warning: `h' float specifier changed to `ht'.

<Figures/Crossover_size.png, id=30, 578.16pt x 433.62pt>
File: Figures/Crossover_size.png Graphic file (type png)

<use Figures/Crossover_size.png>
Package pdftex.def Info: Figures/Crossover_size.png used on input line 154.
(pdftex.def)             Requested size: 313.46997pt x 235.09747pt.


LaTeX Warning: `h' float specifier changed to `ht'.

[5 <C:/Users/Sonya/Box Sync/Resources/Matlab Code/CMsimulations Library/Figures
/CMcurves_Ecoli.png (PNG copy)>] [6 <C:/Users/Sonya/Box Sync/Resources/Matlab C
ode/CMsimulations Library/Figures/CMcurves_RBC.png (PNG copy)> <C:/Users/Sonya/
Box Sync/Resources/Matlab Code/CMsimulations Library/Figures/CM_AnistropicStret
ch.png (PNG copy)>] [7 <C:/Users/Sonya/Box Sync/Resources/Matlab Code/CMsimulat
ions Library/Figures/CMcompare_sign_mag.png (PNG copy)> <C:/Users/Sonya/Box Syn
c/Resources/Matlab Code/CMsimulations Library/Figures/Crossover_size.png (PNG c
opy)>]
("C:\Users\Sonya\Box Sync\Resources\Matlab Code\CMsimulations Library\CM_Simula
tions_Overview.aux") ) 
Here is how much of TeX's memory you used:
 3242 strings out of 493921
 42030 string characters out of 3147282
 103871 words of memory out of 3000000
 6498 multiletter control sequences out of 15000+200000
 12789 words of font info for 49 fonts, out of 3000000 for 9000
 841 hyphenation exceptions out of 8191
 27i,9n,43p,1072b,229s stack positions out of 5000i,500n,10000p,200000b,50000s
<C:/Program Files/MiKTeX 2.9/fonts/type1/public/amsfonts/
cm/cmbx12.pfb><C:/Program Files/MiKTeX 2.9/fonts/type1/public/amsfonts/cm/cmmi1
2.pfb><C:/Program Files/MiKTeX 2.9/fonts/type1/public/amsfonts/cm/cmmi8.pfb><C:
/Program Files/MiKTeX 2.9/fonts/type1/public/amsfonts/cm/cmr10.pfb><C:/Program 
Files/MiKTeX 2.9/fonts/type1/public/amsfonts/cm/cmr12.pfb><C:/Program Files/MiK
TeX 2.9/fonts/type1/public/amsfonts/cm/cmr17.pfb><C:/Program Files/MiKTeX 2.9/f
onts/type1/public/amsfonts/cm/cmr6.pfb><C:/Program Files/MiKTeX 2.9/fonts/type1
/public/amsfonts/cm/cmr8.pfb><C:/Program Files/MiKTeX 2.9/fonts/type1/public/am
sfonts/cm/cmsy10.pfb><C:/Program Files/MiKTeX 2.9/fonts/type1/public/amsfonts/c
m/cmsy8.pfb><C:/Program Files/MiKTeX 2.9/fonts/type1/public/amsfonts/cm/cmti10.
pfb><C:/Program Files/MiKTeX 2.9/fonts/type1/public/amsfonts/cm/cmti12.pfb>
Output written on CM_Simulations_Overview.pdf (7 pages, 222237 bytes).
PDF statistics:
 79 PDF objects out of 1000 (max. 8388607)
 0 named destinations out of 1000 (max. 500000)
 26 words of extra memory for PDF output out of 10000 (max. 10000000)

